C:\Program Files (x86)\Microsoft Visual Studio\2017\Enterprise\Common7\IDE\VC\VCTargets\Microsoft.CppBuild.targets(373,5): warning MSB8004: Output Directory does not end with a trailing slash.  This build instance will add the slash as it is required to allow proper evaluation of the Output Directory.
  Main.cpp
C:\Program Files (x86)\Windows Kits\10\Include\10.0.16299.0\shared\minwindef.h(130): warning C4005: 'APIENTRY': macro redefinition
  C:\Users\tfloyd\Documents\Projects\GraphicsLoopSplit\graphicsPipeline\Dependancies\GLFW/glfw3.h(98): note: see previous definition of 'APIENTRY'
Main.cpp(197): warning C4018: '<': signed/unsigned mismatch
Main.cpp(221): warning C4018: '<': signed/unsigned mismatch
Main.cpp(242): warning C4018: '<': signed/unsigned mismatch
Main.cpp(261): warning C4244: 'argument': conversion from 'GLfloat' to 'int', possible loss of data
Main.cpp(278): warning C4244: 'argument': conversion from 'GLfloat' to 'GLsizei', possible loss of data
Main.cpp(387): warning C4244: 'initializing': conversion from 'double' to 'GLfloat', possible loss of data
Main.cpp(479): warning C4244: 'argument': conversion from 'GLfloat' to 'int', possible loss of data
Main.cpp(496): warning C4244: 'argument': conversion from 'GLfloat' to 'GLsizei', possible loss of data
Main.cpp(603): warning C4244: 'initializing': conversion from 'double' to 'GLfloat', possible loss of data
Main.cpp(689): warning C4244: 'argument': conversion from 'GLfloat' to 'int', possible loss of data
Main.cpp(706): warning C4244: 'argument': conversion from 'GLfloat' to 'GLsizei', possible loss of data
Main.cpp(850): warning C4244: 'initializing': conversion from 'double' to 'GLfloat', possible loss of data
Main.cpp(1017): warning C4244: 'argument': conversion from 'GLfloat' to 'int', possible loss of data
Main.cpp(1034): warning C4244: 'argument': conversion from 'GLfloat' to 'GLsizei', possible loss of data
Main.cpp(1164): warning C4244: 'initializing': conversion from 'double' to 'GLfloat', possible loss of data
Main.cpp(1278): warning C4244: 'argument': conversion from 'GLfloat' to 'int', possible loss of data
Main.cpp(1295): warning C4244: 'argument': conversion from 'GLfloat' to 'GLsizei', possible loss of data
Main.cpp(1424): warning C4244: 'initializing': conversion from 'double' to 'GLfloat', possible loss of data
Main.cpp(1545): warning C4244: 'argument': conversion from 'GLfloat' to 'int', possible loss of data
Main.cpp(1562): warning C4244: 'argument': conversion from 'GLfloat' to 'GLsizei', possible loss of data
Main.cpp(1692): warning C4244: 'initializing': conversion from 'double' to 'GLfloat', possible loss of data
Main.cpp(1781): warning C4244: 'argument': conversion from 'GLfloat' to 'int', possible loss of data
Main.cpp(1798): warning C4244: 'argument': conversion from 'GLfloat' to 'GLsizei', possible loss of data
Main.cpp(1926): warning C4244: 'initializing': conversion from 'double' to 'GLfloat', possible loss of data
Main.cpp(2118): warning C4244: 'initializing': conversion from 'double' to 'GLfloat', possible loss of data
Main.cpp(2193): warning C4244: 'argument': conversion from 'GLfloat' to 'int', possible loss of data
Main.cpp(2210): warning C4244: 'argument': conversion from 'GLfloat' to 'GLsizei', possible loss of data
Main.cpp(2307): warning C4244: 'initializing': conversion from 'double' to 'GLfloat', possible loss of data
Main.cpp(2388): warning C4244: 'argument': conversion from 'GLfloat' to 'int', possible loss of data
Main.cpp(2405): warning C4244: 'argument': conversion from 'GLfloat' to 'GLsizei', possible loss of data
Main.cpp(2505): warning C4244: 'initializing': conversion from 'double' to 'GLfloat', possible loss of data
Main.cpp(2579): warning C4244: 'argument': conversion from 'GLfloat' to 'int', possible loss of data
Main.cpp(2596): warning C4244: 'argument': conversion from 'GLfloat' to 'GLsizei', possible loss of data
Main.cpp(2695): warning C4244: 'initializing': conversion from 'double' to 'GLfloat', possible loss of data
Main.cpp(2885): warning C4244: 'initializing': conversion from 'double' to 'GLfloat', possible loss of data
Main.cpp(2951): warning C4244: 'argument': conversion from 'GLfloat' to 'int', possible loss of data
Main.cpp(2967): warning C4244: 'argument': conversion from 'GLfloat' to 'GLsizei', possible loss of data
Main.cpp(3069): warning C4244: 'initializing': conversion from 'double' to 'GLfloat', possible loss of data
Main.cpp(3491): warning C4244: 'argument': conversion from 'GLfloat' to 'int', possible loss of data
Main.cpp(3664): warning C4244: 'initializing': conversion from 'double' to 'float', possible loss of data
Main.cpp(3799): warning C4244: '=': conversion from 'double' to 'float', possible loss of data
Main.cpp(3800): warning C4244: '=': conversion from 'double' to 'float', possible loss of data
Main.cpp(3804): warning C4244: 'initializing': conversion from 'double' to 'float', possible loss of data
Main.cpp(3805): warning C4244: 'initializing': conversion from 'double' to 'float', possible loss of data
Main.cpp(3807): warning C4244: '=': conversion from 'double' to 'float', possible loss of data
Main.cpp(3808): warning C4244: '=': conversion from 'double' to 'float', possible loss of data
Main.cpp(3839): warning C4244: 'argument': conversion from 'double' to 'float', possible loss of data
Main.cpp(3844): warning C4244: 'argument': conversion from 'GLfloat' to 'int', possible loss of data
Main.cpp(3861): warning C4244: 'argument': conversion from 'GLfloat' to 'GLsizei', possible loss of data
  GLM: perspective function taking degrees as a parameter is deprecated. #define GLM_FORCE_RADIANS before including GLM headers to remove this message.
  GLM: rotate function taking degrees as a parameter is deprecated. #define GLM_FORCE_RADIANS before including GLM headers to remove this message.
     Creating library .\Debug\graphicsPipeline.lib and object .\Debug\graphicsPipeline.exp
LINK : warning LNK4098: defaultlib 'LIBCMT' conflicts with use of other libs; use /NODEFAULTLIB:library
  Generating code
  0 of 902 functions ( 0.0%) were compiled, the rest were copied from previous compilation.
    0 functions were new in current compilation
    63 functions had inline decision re-evaluated but remain unchanged
  Finished generating code
glew32s.lib(glew.obj) : warning LNK4099: PDB 'vc120.pdb' was not found with 'glew32s.lib(glew.obj)' or at 'C:\Users\tfloyd\Documents\Projects\GraphicsLoopSplit\graphicsPipeline\Debug\vc120.pdb'; linking object as if no debug info
  graphicsPipeline.vcxproj -> C:\Users\tfloyd\Documents\Projects\GraphicsLoopSplit\graphicsPipeline\.\Debug\graphicsPipeline.dll
