C:\Program Files (x86)\Microsoft Visual Studio\2017\Enterprise\Common7\IDE\VC\VCTargets\Microsoft.CppBuild.targets(373,5): warning MSB8004: Output Directory does not end with a trailing slash.  This build instance will add the slash as it is required to allow proper evaluation of the Output Directory.
  Main.cpp
c:\program files (x86)\windows kits\10\include\10.0.16299.0\shared\minwindef.h(130): warning C4005: 'APIENTRY': macro redefinition
  c:\users\tfloyd\documents\projects\graphicsloopsplit\graphicspipeline\dependancies\glfw\glfw3.h(98): note: see previous definition of 'APIENTRY'
c:\users\tfloyd\documents\projects\graphicsloopsplit\graphicspipeline\main.cpp(188): warning C4018: '<': signed/unsigned mismatch
c:\users\tfloyd\documents\projects\graphicsloopsplit\graphicspipeline\main.cpp(212): warning C4018: '<': signed/unsigned mismatch
c:\users\tfloyd\documents\projects\graphicsloopsplit\graphicspipeline\main.cpp(233): warning C4018: '<': signed/unsigned mismatch
c:\users\tfloyd\documents\projects\graphicsloopsplit\graphicspipeline\main.cpp(252): warning C4244: 'argument': conversion from 'GLfloat' to 'int', possible loss of data
c:\users\tfloyd\documents\projects\graphicsloopsplit\graphicspipeline\main.cpp(269): warning C4244: 'argument': conversion from 'GLfloat' to 'GLsizei', possible loss of data
c:\users\tfloyd\documents\projects\graphicsloopsplit\graphicspipeline\main.cpp(378): warning C4244: 'initializing': conversion from 'double' to 'GLfloat', possible loss of data
c:\users\tfloyd\documents\projects\graphicsloopsplit\graphicspipeline\main.cpp(470): warning C4244: 'argument': conversion from 'GLfloat' to 'int', possible loss of data
c:\users\tfloyd\documents\projects\graphicsloopsplit\graphicspipeline\main.cpp(487): warning C4244: 'argument': conversion from 'GLfloat' to 'GLsizei', possible loss of data
c:\users\tfloyd\documents\projects\graphicsloopsplit\graphicspipeline\main.cpp(594): warning C4244: 'initializing': conversion from 'double' to 'GLfloat', possible loss of data
c:\users\tfloyd\documents\projects\graphicsloopsplit\graphicspipeline\main.cpp(680): warning C4244: 'argument': conversion from 'GLfloat' to 'int', possible loss of data
c:\users\tfloyd\documents\projects\graphicsloopsplit\graphicspipeline\main.cpp(697): warning C4244: 'argument': conversion from 'GLfloat' to 'GLsizei', possible loss of data
c:\users\tfloyd\documents\projects\graphicsloopsplit\graphicspipeline\main.cpp(841): warning C4244: 'initializing': conversion from 'double' to 'GLfloat', possible loss of data
c:\users\tfloyd\documents\projects\graphicsloopsplit\graphicspipeline\main.cpp(1008): warning C4244: 'argument': conversion from 'GLfloat' to 'int', possible loss of data
c:\users\tfloyd\documents\projects\graphicsloopsplit\graphicspipeline\main.cpp(1025): warning C4244: 'argument': conversion from 'GLfloat' to 'GLsizei', possible loss of data
c:\users\tfloyd\documents\projects\graphicsloopsplit\graphicspipeline\main.cpp(1155): warning C4244: 'initializing': conversion from 'double' to 'GLfloat', possible loss of data
c:\users\tfloyd\documents\projects\graphicsloopsplit\graphicspipeline\main.cpp(1269): warning C4244: 'argument': conversion from 'GLfloat' to 'int', possible loss of data
c:\users\tfloyd\documents\projects\graphicsloopsplit\graphicspipeline\main.cpp(1286): warning C4244: 'argument': conversion from 'GLfloat' to 'GLsizei', possible loss of data
c:\users\tfloyd\documents\projects\graphicsloopsplit\graphicspipeline\main.cpp(1415): warning C4244: 'initializing': conversion from 'double' to 'GLfloat', possible loss of data
c:\users\tfloyd\documents\projects\graphicsloopsplit\graphicspipeline\main.cpp(1536): warning C4244: 'argument': conversion from 'GLfloat' to 'int', possible loss of data
c:\users\tfloyd\documents\projects\graphicsloopsplit\graphicspipeline\main.cpp(1553): warning C4244: 'argument': conversion from 'GLfloat' to 'GLsizei', possible loss of data
c:\users\tfloyd\documents\projects\graphicsloopsplit\graphicspipeline\main.cpp(1683): warning C4244: 'initializing': conversion from 'double' to 'GLfloat', possible loss of data
c:\users\tfloyd\documents\projects\graphicsloopsplit\graphicspipeline\main.cpp(1772): warning C4244: 'argument': conversion from 'GLfloat' to 'int', possible loss of data
c:\users\tfloyd\documents\projects\graphicsloopsplit\graphicspipeline\main.cpp(1789): warning C4244: 'argument': conversion from 'GLfloat' to 'GLsizei', possible loss of data
c:\users\tfloyd\documents\projects\graphicsloopsplit\graphicspipeline\main.cpp(1917): warning C4244: 'initializing': conversion from 'double' to 'GLfloat', possible loss of data
c:\users\tfloyd\documents\projects\graphicsloopsplit\graphicspipeline\main.cpp(2109): warning C4244: 'initializing': conversion from 'double' to 'GLfloat', possible loss of data
c:\users\tfloyd\documents\projects\graphicsloopsplit\graphicspipeline\main.cpp(2184): warning C4244: 'argument': conversion from 'GLfloat' to 'int', possible loss of data
c:\users\tfloyd\documents\projects\graphicsloopsplit\graphicspipeline\main.cpp(2201): warning C4244: 'argument': conversion from 'GLfloat' to 'GLsizei', possible loss of data
c:\users\tfloyd\documents\projects\graphicsloopsplit\graphicspipeline\main.cpp(2298): warning C4244: 'initializing': conversion from 'double' to 'GLfloat', possible loss of data
c:\users\tfloyd\documents\projects\graphicsloopsplit\graphicspipeline\main.cpp(2379): warning C4244: 'argument': conversion from 'GLfloat' to 'int', possible loss of data
c:\users\tfloyd\documents\projects\graphicsloopsplit\graphicspipeline\main.cpp(2396): warning C4244: 'argument': conversion from 'GLfloat' to 'GLsizei', possible loss of data
c:\users\tfloyd\documents\projects\graphicsloopsplit\graphicspipeline\main.cpp(2496): warning C4244: 'initializing': conversion from 'double' to 'GLfloat', possible loss of data
c:\users\tfloyd\documents\projects\graphicsloopsplit\graphicspipeline\main.cpp(2570): warning C4244: 'argument': conversion from 'GLfloat' to 'int', possible loss of data
c:\users\tfloyd\documents\projects\graphicsloopsplit\graphicspipeline\main.cpp(2587): warning C4244: 'argument': conversion from 'GLfloat' to 'GLsizei', possible loss of data
c:\users\tfloyd\documents\projects\graphicsloopsplit\graphicspipeline\main.cpp(2686): warning C4244: 'initializing': conversion from 'double' to 'GLfloat', possible loss of data
c:\users\tfloyd\documents\projects\graphicsloopsplit\graphicspipeline\main.cpp(2876): warning C4244: 'initializing': conversion from 'double' to 'GLfloat', possible loss of data
c:\users\tfloyd\documents\projects\graphicsloopsplit\graphicspipeline\main.cpp(2942): warning C4244: 'argument': conversion from 'GLfloat' to 'int', possible loss of data
c:\users\tfloyd\documents\projects\graphicsloopsplit\graphicspipeline\main.cpp(2958): warning C4244: 'argument': conversion from 'GLfloat' to 'GLsizei', possible loss of data
c:\users\tfloyd\documents\projects\graphicsloopsplit\graphicspipeline\main.cpp(3060): warning C4244: 'initializing': conversion from 'double' to 'GLfloat', possible loss of data
c:\users\tfloyd\documents\projects\graphicsloopsplit\graphicspipeline\main.cpp(3482): warning C4244: 'argument': conversion from 'GLfloat' to 'int', possible loss of data
c:\users\tfloyd\documents\projects\graphicsloopsplit\graphicspipeline\main.cpp(3655): warning C4244: 'initializing': conversion from 'double' to 'float', possible loss of data
c:\users\tfloyd\documents\projects\graphicsloopsplit\graphicspipeline\main.cpp(3790): warning C4244: '=': conversion from 'double' to 'float', possible loss of data
c:\users\tfloyd\documents\projects\graphicsloopsplit\graphicspipeline\main.cpp(3791): warning C4244: '=': conversion from 'double' to 'float', possible loss of data
c:\users\tfloyd\documents\projects\graphicsloopsplit\graphicspipeline\main.cpp(3795): warning C4244: 'initializing': conversion from 'double' to 'float', possible loss of data
c:\users\tfloyd\documents\projects\graphicsloopsplit\graphicspipeline\main.cpp(3796): warning C4244: 'initializing': conversion from 'double' to 'float', possible loss of data
c:\users\tfloyd\documents\projects\graphicsloopsplit\graphicspipeline\main.cpp(3798): warning C4244: '=': conversion from 'double' to 'float', possible loss of data
c:\users\tfloyd\documents\projects\graphicsloopsplit\graphicspipeline\main.cpp(3799): warning C4244: '=': conversion from 'double' to 'float', possible loss of data
c:\users\tfloyd\documents\projects\graphicsloopsplit\graphicspipeline\main.cpp(3830): warning C4244: 'argument': conversion from 'double' to 'float', possible loss of data
c:\users\tfloyd\documents\projects\graphicsloopsplit\graphicspipeline\main.cpp(3835): warning C4244: 'argument': conversion from 'GLfloat' to 'int', possible loss of data
c:\users\tfloyd\documents\projects\graphicsloopsplit\graphicspipeline\main.cpp(3852): warning C4244: 'argument': conversion from 'GLfloat' to 'GLsizei', possible loss of data
  GLM: perspective function taking degrees as a parameter is deprecated. #define GLM_FORCE_RADIANS before including GLM headers to remove this message.
  GLM: rotate function taking degrees as a parameter is deprecated. #define GLM_FORCE_RADIANS before including GLM headers to remove this message.
  SOIL.lib(SOIL.obj) : MSIL .netmodule or module compiled with /GL found; restarting link with /LTCG; add /LTCG to the link command line to improve linker performance
LINK : warning LNK4075: ignoring '/INCREMENTAL' due to '/LTCG' specification
     Creating library ..\GraphicsController\bin\Debug\graphicsPipeline.lib and object ..\GraphicsController\bin\Debug\graphicsPipeline.exp
LINK : warning LNK4098: defaultlib 'MSVCRT' conflicts with use of other libs; use /NODEFAULTLIB:library
LINK : warning LNK4098: defaultlib 'LIBCMT' conflicts with use of other libs; use /NODEFAULTLIB:library
  Generating code
  Finished generating code
glew32s.lib(glew.obj) : warning LNK4099: PDB 'vc120.pdb' was not found with 'glew32s.lib(glew.obj)' or at 'C:\Users\tfloyd\Documents\Projects\GraphicsLoopSplit\GraphicsController\bin\Debug\vc120.pdb'; linking object as if no debug info
  graphicsPipeline.vcxproj -> C:\Users\tfloyd\Documents\Projects\GraphicsLoopSplit\graphicsPipeline\..\GraphicsController\bin\Debug\graphicsPipeline.dll
