c:\users\tfloyd\documents\projects\graphicsloopsplit\graphicspipeline\debug\vc141.pdb
c:\users\tfloyd\documents\projects\graphicsloopsplit\graphicspipeline\debug\vc141.idb
c:\users\tfloyd\documents\projects\graphicsloopsplit\graphicscontroller\bin\debug\graphicspipeline.lib
c:\users\tfloyd\documents\projects\graphicsloopsplit\graphicscontroller\bin\debug\graphicspipeline.exp
c:\users\tfloyd\documents\projects\graphicsloopsplit\graphicscontroller\bin\debug\graphicspipeline.dll
c:\users\tfloyd\documents\projects\graphicsloopsplit\graphicscontroller\bin\debug\graphicspipeline.pdb
c:\users\tfloyd\documents\projects\graphicsloopsplit\graphicspipeline\..\graphicscontroller\bin\debug\graphicspipeline.dll
c:\users\tfloyd\documents\projects\graphicsloopsplit\graphicspipeline\debug\graphicspipeline.tlog\cl.command.1.tlog
c:\users\tfloyd\documents\projects\graphicsloopsplit\graphicspipeline\debug\graphicspipeline.tlog\cl.read.1.tlog
c:\users\tfloyd\documents\projects\graphicsloopsplit\graphicspipeline\debug\graphicspipeline.tlog\cl.write.1.tlog
c:\users\tfloyd\documents\projects\graphicsloopsplit\graphicspipeline\debug\graphicspipeline.tlog\graphicspipeline.write.1u.tlog
c:\users\tfloyd\documents\projects\graphicsloopsplit\graphicspipeline\debug\graphicspipeline.tlog\link.10252.delete.1.tlog
c:\users\tfloyd\documents\projects\graphicsloopsplit\graphicspipeline\debug\graphicspipeline.tlog\link.10568.delete.1.tlog
c:\users\tfloyd\documents\projects\graphicsloopsplit\graphicspipeline\debug\graphicspipeline.tlog\link.10808.delete.1.tlog
c:\users\tfloyd\documents\projects\graphicsloopsplit\graphicspipeline\debug\graphicspipeline.tlog\link.11472.delete.1.tlog
c:\users\tfloyd\documents\projects\graphicsloopsplit\graphicspipeline\debug\graphicspipeline.tlog\link.11484.delete.1.tlog
c:\users\tfloyd\documents\projects\graphicsloopsplit\graphicspipeline\debug\graphicspipeline.tlog\link.11568.delete.1.tlog
c:\users\tfloyd\documents\projects\graphicsloopsplit\graphicspipeline\debug\graphicspipeline.tlog\link.11576.delete.1.tlog
c:\users\tfloyd\documents\projects\graphicsloopsplit\graphicspipeline\debug\graphicspipeline.tlog\link.12208.delete.1.tlog
c:\users\tfloyd\documents\projects\graphicsloopsplit\graphicspipeline\debug\graphicspipeline.tlog\link.12396.delete.1.tlog
c:\users\tfloyd\documents\projects\graphicsloopsplit\graphicspipeline\debug\graphicspipeline.tlog\link.12588.delete.1.tlog
c:\users\tfloyd\documents\projects\graphicsloopsplit\graphicspipeline\debug\graphicspipeline.tlog\link.12968.delete.1.tlog
c:\users\tfloyd\documents\projects\graphicsloopsplit\graphicspipeline\debug\graphicspipeline.tlog\link.13428.delete.1.tlog
c:\users\tfloyd\documents\projects\graphicsloopsplit\graphicspipeline\debug\graphicspipeline.tlog\link.13984.delete.1.tlog
c:\users\tfloyd\documents\projects\graphicsloopsplit\graphicspipeline\debug\graphicspipeline.tlog\link.14136.delete.1.tlog
c:\users\tfloyd\documents\projects\graphicsloopsplit\graphicspipeline\debug\graphicspipeline.tlog\link.14980.delete.1.tlog
c:\users\tfloyd\documents\projects\graphicsloopsplit\graphicspipeline\debug\graphicspipeline.tlog\link.16236.delete.1.tlog
c:\users\tfloyd\documents\projects\graphicsloopsplit\graphicspipeline\debug\graphicspipeline.tlog\link.256.delete.1.tlog
c:\users\tfloyd\documents\projects\graphicsloopsplit\graphicspipeline\debug\graphicspipeline.tlog\link.368.delete.1.tlog
c:\users\tfloyd\documents\projects\graphicsloopsplit\graphicspipeline\debug\graphicspipeline.tlog\link.672.delete.1.tlog
c:\users\tfloyd\documents\projects\graphicsloopsplit\graphicspipeline\debug\graphicspipeline.tlog\link.6924.delete.1.tlog
c:\users\tfloyd\documents\projects\graphicsloopsplit\graphicspipeline\debug\graphicspipeline.tlog\link.8144.delete.1.tlog
c:\users\tfloyd\documents\projects\graphicsloopsplit\graphicspipeline\debug\graphicspipeline.tlog\link.8188.delete.1.tlog
c:\users\tfloyd\documents\projects\graphicsloopsplit\graphicspipeline\debug\graphicspipeline.tlog\link.8284.delete.1.tlog
c:\users\tfloyd\documents\projects\graphicsloopsplit\graphicspipeline\debug\graphicspipeline.tlog\link.8300.delete.1.tlog
c:\users\tfloyd\documents\projects\graphicsloopsplit\graphicspipeline\debug\graphicspipeline.tlog\link.8324.delete.1.tlog
c:\users\tfloyd\documents\projects\graphicsloopsplit\graphicspipeline\debug\graphicspipeline.tlog\link.8712.delete.1.tlog
c:\users\tfloyd\documents\projects\graphicsloopsplit\graphicspipeline\debug\graphicspipeline.tlog\link.8876.delete.1.tlog
c:\users\tfloyd\documents\projects\graphicsloopsplit\graphicspipeline\debug\graphicspipeline.tlog\link.9428.delete.1.tlog
c:\users\tfloyd\documents\projects\graphicsloopsplit\graphicspipeline\debug\graphicspipeline.tlog\link.976.delete.1.tlog
c:\users\tfloyd\documents\projects\graphicsloopsplit\graphicspipeline\debug\graphicspipeline.tlog\link.command.1.tlog
c:\users\tfloyd\documents\projects\graphicsloopsplit\graphicspipeline\debug\graphicspipeline.tlog\link.read.1.tlog
c:\users\tfloyd\documents\projects\graphicsloopsplit\graphicspipeline\debug\graphicspipeline.tlog\link.write.1.tlog
