C:\Program Files (x86)\Microsoft Visual Studio\2017\Community\Common7\IDE\VC\VCTargets\Microsoft.CppBuild.targets(373,5): warning MSB8004: Output Directory does not end with a trailing slash.  This build instance will add the slash as it is required to allow proper evaluation of the Output Directory.
  Main.cpp
c:\program files (x86)\windows kits\10\include\10.0.16299.0\shared\minwindef.h(130): warning C4005: 'APIENTRY': macro redefinition
  c:\data\projects\impunity\impunity\graphicsloopsplit\graphicspipeline\dependancies\glfw\glfw3.h(98): note: see previous definition of 'APIENTRY'
c:\data\projects\impunity\impunity\graphicsloopsplit\graphicspipeline\sceneobject.h(125): warning C4805: '!=': unsafe mix of type 'GLboolean' and type 'bool' in operation
c:\data\projects\impunity\impunity\graphicsloopsplit\graphicspipeline\main.cpp(156): warning C4018: '>=': signed/unsigned mismatch
c:\data\projects\impunity\impunity\graphicsloopsplit\graphicspipeline\main.cpp(172): warning C4018: '>=': signed/unsigned mismatch
c:\data\projects\impunity\impunity\graphicsloopsplit\graphicspipeline\main.cpp(183): warning C4018: '>=': signed/unsigned mismatch
c:\data\projects\impunity\impunity\graphicsloopsplit\graphicspipeline\main.cpp(185): warning C4018: '>=': signed/unsigned mismatch
c:\data\projects\impunity\impunity\graphicsloopsplit\graphicspipeline\main.cpp(292): warning C4018: '<': signed/unsigned mismatch
c:\data\projects\impunity\impunity\graphicsloopsplit\graphicspipeline\main.cpp(367): warning C4018: '<': signed/unsigned mismatch
c:\data\projects\impunity\impunity\graphicsloopsplit\graphicspipeline\main.cpp(493): warning C4244: 'argument': conversion from 'GLfloat' to 'int', possible loss of data
c:\data\projects\impunity\impunity\graphicsloopsplit\graphicspipeline\main.cpp(510): warning C4244: 'argument': conversion from 'GLfloat' to 'GLsizei', possible loss of data
c:\data\projects\impunity\impunity\graphicsloopsplit\graphicspipeline\main.cpp(653): warning C4244: 'initializing': conversion from 'double' to 'GLfloat', possible loss of data
c:\data\projects\impunity\impunity\graphicsloopsplit\graphicspipeline\main.cpp(768): warning C4018: '>': signed/unsigned mismatch
c:\data\projects\impunity\impunity\graphicsloopsplit\graphicspipeline\main.cpp(776): warning C4018: '>': signed/unsigned mismatch
c:\data\projects\impunity\impunity\graphicsloopsplit\graphicspipeline\main.cpp(783): warning C4018: '>': signed/unsigned mismatch
c:\data\projects\impunity\impunity\graphicsloopsplit\graphicspipeline\main.cpp(790): warning C4018: '>': signed/unsigned mismatch
c:\data\projects\impunity\impunity\graphicsloopsplit\graphicspipeline\main.cpp(797): warning C4018: '>': signed/unsigned mismatch
c:\data\projects\impunity\impunity\graphicsloopsplit\graphicspipeline\main.cpp(805): warning C4018: '>': signed/unsigned mismatch
c:\data\projects\impunity\impunity\graphicsloopsplit\graphicspipeline\main.cpp(823): warning C4018: '>': signed/unsigned mismatch
c:\data\projects\impunity\impunity\graphicsloopsplit\graphicspipeline\main.cpp(833): warning C4018: '>': signed/unsigned mismatch
c:\data\projects\impunity\impunity\graphicsloopsplit\graphicspipeline\main.cpp(840): warning C4018: '>': signed/unsigned mismatch
c:\data\projects\impunity\impunity\graphicsloopsplit\graphicspipeline\main.cpp(847): warning C4018: '>': signed/unsigned mismatch
c:\data\projects\impunity\impunity\graphicsloopsplit\graphicspipeline\main.cpp(855): warning C4018: '>': signed/unsigned mismatch
c:\data\projects\impunity\impunity\graphicsloopsplit\graphicspipeline\main.cpp(873): warning C4018: '>': signed/unsigned mismatch
c:\data\projects\impunity\impunity\graphicsloopsplit\graphicspipeline\main.cpp(882): warning C4018: '>': signed/unsigned mismatch
c:\data\projects\impunity\impunity\graphicsloopsplit\graphicspipeline\main.cpp(891): warning C4018: '>': signed/unsigned mismatch
c:\data\projects\impunity\impunity\graphicsloopsplit\graphicspipeline\main.cpp(898): warning C4018: '>': signed/unsigned mismatch
c:\data\projects\impunity\impunity\graphicsloopsplit\graphicspipeline\main.cpp(905): warning C4018: '>': signed/unsigned mismatch
c:\data\projects\impunity\impunity\graphicsloopsplit\graphicspipeline\main.cpp(913): warning C4018: '>': signed/unsigned mismatch
c:\data\projects\impunity\impunity\graphicsloopsplit\graphicspipeline\main.cpp(930): warning C4018: '>': signed/unsigned mismatch
c:\data\projects\impunity\impunity\graphicsloopsplit\graphicspipeline\main.cpp(937): warning C4018: '>': signed/unsigned mismatch
c:\data\projects\impunity\impunity\graphicsloopsplit\graphicspipeline\main.cpp(1022): warning C4018: '<': signed/unsigned mismatch
c:\data\projects\impunity\impunity\graphicsloopsplit\graphicspipeline\main.cpp(1048): warning C4244: 'argument': conversion from 'GLfloat' to 'int', possible loss of data
c:\data\projects\impunity\impunity\graphicsloopsplit\graphicspipeline\main.cpp(1065): warning C4244: 'argument': conversion from 'GLfloat' to 'GLsizei', possible loss of data
c:\data\projects\impunity\impunity\graphicsloopsplit\graphicspipeline\main.cpp(1172): warning C4244: 'initializing': conversion from 'double' to 'GLfloat', possible loss of data
c:\data\projects\impunity\impunity\graphicsloopsplit\graphicspipeline\main.cpp(1259): warning C4244: 'argument': conversion from 'GLfloat' to 'int', possible loss of data
c:\data\projects\impunity\impunity\graphicsloopsplit\graphicspipeline\main.cpp(1276): warning C4244: 'argument': conversion from 'GLfloat' to 'GLsizei', possible loss of data
c:\data\projects\impunity\impunity\graphicsloopsplit\graphicspipeline\main.cpp(1420): warning C4244: 'initializing': conversion from 'double' to 'GLfloat', possible loss of data
c:\data\projects\impunity\impunity\graphicsloopsplit\graphicspipeline\main.cpp(1587): warning C4244: 'argument': conversion from 'GLfloat' to 'int', possible loss of data
c:\data\projects\impunity\impunity\graphicsloopsplit\graphicspipeline\main.cpp(1604): warning C4244: 'argument': conversion from 'GLfloat' to 'GLsizei', possible loss of data
c:\data\projects\impunity\impunity\graphicsloopsplit\graphicspipeline\main.cpp(1733): warning C4244: 'initializing': conversion from 'double' to 'GLfloat', possible loss of data
c:\data\projects\impunity\impunity\graphicsloopsplit\graphicspipeline\main.cpp(1847): warning C4244: 'argument': conversion from 'GLfloat' to 'int', possible loss of data
c:\data\projects\impunity\impunity\graphicsloopsplit\graphicspipeline\main.cpp(1864): warning C4244: 'argument': conversion from 'GLfloat' to 'GLsizei', possible loss of data
c:\data\projects\impunity\impunity\graphicsloopsplit\graphicspipeline\main.cpp(1993): warning C4244: 'initializing': conversion from 'double' to 'GLfloat', possible loss of data
c:\data\projects\impunity\impunity\graphicsloopsplit\graphicspipeline\main.cpp(2114): warning C4244: 'argument': conversion from 'GLfloat' to 'int', possible loss of data
c:\data\projects\impunity\impunity\graphicsloopsplit\graphicspipeline\main.cpp(2131): warning C4244: 'argument': conversion from 'GLfloat' to 'GLsizei', possible loss of data
c:\data\projects\impunity\impunity\graphicsloopsplit\graphicspipeline\main.cpp(2261): warning C4244: 'initializing': conversion from 'double' to 'GLfloat', possible loss of data
c:\data\projects\impunity\impunity\graphicsloopsplit\graphicspipeline\main.cpp(2350): warning C4244: 'argument': conversion from 'GLfloat' to 'int', possible loss of data
c:\data\projects\impunity\impunity\graphicsloopsplit\graphicspipeline\main.cpp(2367): warning C4244: 'argument': conversion from 'GLfloat' to 'GLsizei', possible loss of data
c:\data\projects\impunity\impunity\graphicsloopsplit\graphicspipeline\main.cpp(2495): warning C4244: 'initializing': conversion from 'double' to 'GLfloat', possible loss of data
c:\data\projects\impunity\impunity\graphicsloopsplit\graphicspipeline\main.cpp(2685): warning C4244: 'initializing': conversion from 'double' to 'GLfloat', possible loss of data
c:\data\projects\impunity\impunity\graphicsloopsplit\graphicspipeline\main.cpp(2761): warning C4244: 'argument': conversion from 'GLfloat' to 'int', possible loss of data
c:\data\projects\impunity\impunity\graphicsloopsplit\graphicspipeline\main.cpp(2778): warning C4244: 'argument': conversion from 'GLfloat' to 'GLsizei', possible loss of data
c:\data\projects\impunity\impunity\graphicsloopsplit\graphicspipeline\main.cpp(2875): warning C4244: 'initializing': conversion from 'double' to 'GLfloat', possible loss of data
c:\data\projects\impunity\impunity\graphicsloopsplit\graphicspipeline\main.cpp(2956): warning C4244: 'argument': conversion from 'GLfloat' to 'int', possible loss of data
c:\data\projects\impunity\impunity\graphicsloopsplit\graphicspipeline\main.cpp(2973): warning C4244: 'argument': conversion from 'GLfloat' to 'GLsizei', possible loss of data
c:\data\projects\impunity\impunity\graphicsloopsplit\graphicspipeline\main.cpp(3073): warning C4244: 'initializing': conversion from 'double' to 'GLfloat', possible loss of data
c:\data\projects\impunity\impunity\graphicsloopsplit\graphicspipeline\main.cpp(3145): warning C4244: 'argument': conversion from 'GLfloat' to 'int', possible loss of data
c:\data\projects\impunity\impunity\graphicsloopsplit\graphicspipeline\main.cpp(3162): warning C4244: 'argument': conversion from 'GLfloat' to 'GLsizei', possible loss of data
c:\data\projects\impunity\impunity\graphicsloopsplit\graphicspipeline\main.cpp(3261): warning C4244: 'initializing': conversion from 'double' to 'GLfloat', possible loss of data
c:\data\projects\impunity\impunity\graphicsloopsplit\graphicspipeline\main.cpp(3451): warning C4244: 'initializing': conversion from 'double' to 'GLfloat', possible loss of data
c:\data\projects\impunity\impunity\graphicsloopsplit\graphicspipeline\main.cpp(3517): warning C4244: 'argument': conversion from 'GLfloat' to 'int', possible loss of data
c:\data\projects\impunity\impunity\graphicsloopsplit\graphicspipeline\main.cpp(3533): warning C4244: 'argument': conversion from 'GLfloat' to 'GLsizei', possible loss of data
c:\data\projects\impunity\impunity\graphicsloopsplit\graphicspipeline\main.cpp(3635): warning C4244: 'initializing': conversion from 'double' to 'GLfloat', possible loss of data
c:\data\projects\impunity\impunity\graphicsloopsplit\graphicspipeline\main.cpp(4055): warning C4244: 'argument': conversion from 'GLfloat' to 'int', possible loss of data
c:\data\projects\impunity\impunity\graphicsloopsplit\graphicspipeline\main.cpp(4228): warning C4244: 'initializing': conversion from 'double' to 'float', possible loss of data
c:\data\projects\impunity\impunity\graphicsloopsplit\graphicspipeline\main.cpp(4406): warning C4244: '=': conversion from 'double' to 'float', possible loss of data
c:\data\projects\impunity\impunity\graphicsloopsplit\graphicspipeline\main.cpp(4407): warning C4244: '=': conversion from 'double' to 'float', possible loss of data
c:\data\projects\impunity\impunity\graphicsloopsplit\graphicspipeline\main.cpp(4411): warning C4244: 'initializing': conversion from 'double' to 'float', possible loss of data
c:\data\projects\impunity\impunity\graphicsloopsplit\graphicspipeline\main.cpp(4412): warning C4244: 'initializing': conversion from 'double' to 'float', possible loss of data
c:\data\projects\impunity\impunity\graphicsloopsplit\graphicspipeline\main.cpp(4414): warning C4244: '=': conversion from 'double' to 'float', possible loss of data
c:\data\projects\impunity\impunity\graphicsloopsplit\graphicspipeline\main.cpp(4415): warning C4244: '=': conversion from 'double' to 'float', possible loss of data
c:\data\projects\impunity\impunity\graphicsloopsplit\graphicspipeline\main.cpp(4446): warning C4244: 'argument': conversion from 'double' to 'float', possible loss of data
c:\data\projects\impunity\impunity\graphicsloopsplit\graphicspipeline\main.cpp(4474): warning C4018: '<': signed/unsigned mismatch
  GLM: rotate function taking degrees as a parameter is deprecated. #define GLM_FORCE_RADIANS before including GLM headers to remove this message.
  GLM: perspective function taking degrees as a parameter is deprecated. #define GLM_FORCE_RADIANS before including GLM headers to remove this message.
  SOIL.lib(SOIL.obj) : MSIL .netmodule or module compiled with /GL found; restarting link with /LTCG; add /LTCG to the link command line to improve linker performance
LINK : warning LNK4075: ignoring '/INCREMENTAL' due to '/LTCG' specification
     Creating library ..\GraphicsController\bin\Debug\graphicsPipeline.lib and object ..\GraphicsController\bin\Debug\graphicsPipeline.exp
LINK : warning LNK4098: defaultlib 'MSVCRT' conflicts with use of other libs; use /NODEFAULTLIB:library
LINK : warning LNK4098: defaultlib 'LIBCMT' conflicts with use of other libs; use /NODEFAULTLIB:library
  Generating code
  Finished generating code
SOIL.lib(SOIL.obj) : warning LNK4099: PDB 'SOIL.pdb' was not found with 'SOIL.lib(SOIL.obj)' or at 'C:\Data\Projects\Impunity\impunity\GraphicsLoopSplit\GraphicsController\bin\Debug\SOIL.pdb'; linking object as if no debug info
SOIL.lib(image_helper.obj) : warning LNK4099: PDB 'SOIL.pdb' was not found with 'SOIL.lib(image_helper.obj)' or at 'C:\Data\Projects\Impunity\impunity\GraphicsLoopSplit\GraphicsController\bin\Debug\SOIL.pdb'; linking object as if no debug info
SOIL.lib(stb_image_aug.obj) : warning LNK4099: PDB 'SOIL.pdb' was not found with 'SOIL.lib(stb_image_aug.obj)' or at 'C:\Data\Projects\Impunity\impunity\GraphicsLoopSplit\GraphicsController\bin\Debug\SOIL.pdb'; linking object as if no debug info
SOIL.lib(image_DXT.obj) : warning LNK4099: PDB 'SOIL.pdb' was not found with 'SOIL.lib(image_DXT.obj)' or at 'C:\Data\Projects\Impunity\impunity\GraphicsLoopSplit\GraphicsController\bin\Debug\SOIL.pdb'; linking object as if no debug info
glew32s.lib(glew.obj) : warning LNK4099: PDB 'vc120.pdb' was not found with 'glew32s.lib(glew.obj)' or at 'C:\Data\Projects\Impunity\impunity\GraphicsLoopSplit\GraphicsController\bin\Debug\vc120.pdb'; linking object as if no debug info
  graphicsPipeline.vcxproj -> C:\Data\Projects\Impunity\impunity\GraphicsLoopSplit\graphicsPipeline\..\GraphicsController\bin\Debug\graphicsPipeline.dll
