c:\users\tfloyd\documents\projects\graphicsloopsplit\graphicspipeline\debug\vc141.pdb
c:\users\tfloyd\documents\projects\graphicsloopsplit\graphicspipeline\debug\vc141.idb
c:\users\tfloyd\documents\projects\graphicsloopsplit\graphicspipeline\debug\main.obj
c:\users\tfloyd\documents\projects\graphicsloopsplit\graphicscontroller\bin\debug\graphicspipeline.lib
c:\users\tfloyd\documents\projects\graphicsloopsplit\graphicscontroller\bin\debug\graphicspipeline.exp
c:\users\tfloyd\documents\projects\graphicsloopsplit\graphicscontroller\bin\debug\graphicspipeline.dll
c:\users\tfloyd\documents\projects\graphicsloopsplit\graphicscontroller\bin\debug\graphicspipeline.pdb
c:\users\tfloyd\documents\projects\graphicsloopsplit\graphicspipeline\..\graphicscontroller\bin\debug\graphicspipeline.dll
c:\users\tfloyd\documents\projects\graphicsloopsplit\graphicspipeline\debug\graphicspipeline.tlog\cl.command.1.tlog
c:\users\tfloyd\documents\projects\graphicsloopsplit\graphicspipeline\debug\graphicspipeline.tlog\cl.read.1.tlog
c:\users\tfloyd\documents\projects\graphicsloopsplit\graphicspipeline\debug\graphicspipeline.tlog\cl.write.1.tlog
c:\users\tfloyd\documents\projects\graphicsloopsplit\graphicspipeline\debug\graphicspipeline.tlog\graphicspipeline.write.1u.tlog
c:\users\tfloyd\documents\projects\graphicsloopsplit\graphicspipeline\debug\graphicspipeline.tlog\link.10496.delete.1.tlog
c:\users\tfloyd\documents\projects\graphicsloopsplit\graphicspipeline\debug\graphicspipeline.tlog\link.11572.delete.1.tlog
c:\users\tfloyd\documents\projects\graphicsloopsplit\graphicspipeline\debug\graphicspipeline.tlog\link.4604.delete.1.tlog
c:\users\tfloyd\documents\projects\graphicsloopsplit\graphicspipeline\debug\graphicspipeline.tlog\link.5672.delete.1.tlog
c:\users\tfloyd\documents\projects\graphicsloopsplit\graphicspipeline\debug\graphicspipeline.tlog\link.6552.delete.1.tlog
c:\users\tfloyd\documents\projects\graphicsloopsplit\graphicspipeline\debug\graphicspipeline.tlog\link.6828.delete.1.tlog
c:\users\tfloyd\documents\projects\graphicsloopsplit\graphicspipeline\debug\graphicspipeline.tlog\link.7664.delete.1.tlog
c:\users\tfloyd\documents\projects\graphicsloopsplit\graphicspipeline\debug\graphicspipeline.tlog\link.8056.delete.1.tlog
c:\users\tfloyd\documents\projects\graphicsloopsplit\graphicspipeline\debug\graphicspipeline.tlog\link.9400.delete.1.tlog
c:\users\tfloyd\documents\projects\graphicsloopsplit\graphicspipeline\debug\graphicspipeline.tlog\link.command.1.tlog
c:\users\tfloyd\documents\projects\graphicsloopsplit\graphicspipeline\debug\graphicspipeline.tlog\link.read.1.tlog
c:\users\tfloyd\documents\projects\graphicsloopsplit\graphicspipeline\debug\graphicspipeline.tlog\link.write.1.tlog
